<?xml version="1.0" encoding="UTF-8"?>
<!-- Generated by org.testng.reporters.JUnitReportReporter -->
<testsuite hostname="DESKTOP-L24NCKJ" failures="0" tests="1" name="jenkins.sample.pack.Sample" time="5.900" errors="0" timestamp="2024-09-15T07:24:49 IST" skipped="0">
  <testcase classname="jenkins.sample.pack.Sample" name="verifyFacebookTitle" time="5.900"/>
</testsuite> <!-- jenkins.sample.pack.Sample -->
